0 info it worked if it ends with ok
1 verbose cli [ '/Users/jarkkasalminen/.nvm/versions/node/v6.11.5/bin/node',
1 verbose cli   '/Users/jarkkasalminen/.nvm/versions/node/v6.11.5/bin/npm',
1 verbose cli   'start' ]
2 info using npm@3.10.10
3 info using node@v6.11.5
4 verbose run-script [ 'prestart', 'start', 'poststart' ]
5 info lifecycle nes-bootstrap@1.0.0~prestart: nes-bootstrap@1.0.0
6 silly lifecycle nes-bootstrap@1.0.0~prestart: no script for prestart, continuing
7 info lifecycle nes-bootstrap@1.0.0~start: nes-bootstrap@1.0.0
8 verbose lifecycle nes-bootstrap@1.0.0~start: unsafe-perm in lifecycle true
9 verbose lifecycle nes-bootstrap@1.0.0~start: PATH: /Users/jarkkasalminen/.nvm/versions/node/v6.11.5/lib/node_modules/npm/bin/node-gyp-bin:/Users/jarkkasalminen/Documents/Projektit/FGJ 2018/fgj-2018-game/node_modules/.bin:/Users/jarkkasalminen/Documents/google-cloud-sdk/bin:/Users/jarkkasalminen/.nvm/versions/node/v6.11.5/bin:/usr/local/bin:/usr/bin:/bin:/usr/sbin:/sbin:/opt/X11/bin
10 verbose lifecycle nes-bootstrap@1.0.0~start: CWD: /Users/jarkkasalminen/Documents/Projektit/FGJ 2018/fgj-2018-game
11 silly lifecycle nes-bootstrap@1.0.0~start: Args: [ '-c', 'run-p build serve watch' ]
12 silly lifecycle nes-bootstrap@1.0.0~start: Returned: code: 1  signal: null
13 info lifecycle nes-bootstrap@1.0.0~start: Failed to exec start script
14 verbose stack Error: nes-bootstrap@1.0.0 start: `run-p build serve watch`
14 verbose stack Exit status 1
14 verbose stack     at EventEmitter.<anonymous> (/Users/jarkkasalminen/.nvm/versions/node/v6.11.5/lib/node_modules/npm/lib/utils/lifecycle.js:255:16)
14 verbose stack     at emitTwo (events.js:106:13)
14 verbose stack     at EventEmitter.emit (events.js:191:7)
14 verbose stack     at ChildProcess.<anonymous> (/Users/jarkkasalminen/.nvm/versions/node/v6.11.5/lib/node_modules/npm/lib/utils/spawn.js:40:14)
14 verbose stack     at emitTwo (events.js:106:13)
14 verbose stack     at ChildProcess.emit (events.js:191:7)
14 verbose stack     at maybeClose (internal/child_process.js:920:16)
14 verbose stack     at Process.ChildProcess._handle.onexit (internal/child_process.js:230:5)
15 verbose pkgid nes-bootstrap@1.0.0
16 verbose cwd /Users/jarkkasalminen/Documents/Projektit/FGJ 2018/fgj-2018-game
17 error Darwin 17.3.0
18 error argv "/Users/jarkkasalminen/.nvm/versions/node/v6.11.5/bin/node" "/Users/jarkkasalminen/.nvm/versions/node/v6.11.5/bin/npm" "start"
19 error node v6.11.5
20 error npm  v3.10.10
21 error code ELIFECYCLE
22 error nes-bootstrap@1.0.0 start: `run-p build serve watch`
22 error Exit status 1
23 error Failed at the nes-bootstrap@1.0.0 start script 'run-p build serve watch'.
23 error Make sure you have the latest version of node.js and npm installed.
23 error If you do, this is most likely a problem with the nes-bootstrap package,
23 error not with npm itself.
23 error Tell the author that this fails on your system:
23 error     run-p build serve watch
23 error You can get information on how to open an issue for this project with:
23 error     npm bugs nes-bootstrap
23 error Or if that isn't available, you can get their info via:
23 error     npm owner ls nes-bootstrap
23 error There is likely additional logging output above.
24 verbose exit [ 1, true ]
